<?xml version="1.0" encoding="UTF-8"?>
<!-- Generated by org.testng.reporters.JUnitReportReporter -->
<testsuite hostname="X-thing" failures="0" tests="1" name="vtiger_crm.CreateContactTest" time="79.163" errors="0" timestamp="2026-04-01T12:52:52 IST" skipped="0">
  <testcase classname="vtiger_crm.CreateContactTest" name="createContact" time="79.163">
    <system-out>
      <![CDATA[Contact Cereation successfull.]]>
    </system-out>
  </testcase> <!-- createContact -->
  <system-out>
    <![CDATA[Contact Cereation successfull.]]>
  </system-out>
</testsuite> <!-- vtiger_crm.CreateContactTest -->
